[2023-03-13 22:01:06,761] INFO [test_snowflake_connector|task-0] 
[SF_KAFKA_CONNECTOR] pipe SNOWFLAKE_KAFKA_CONNECTOR_test_snowflake_connector_PIPE_test_table_0, flush pipe: test_snowflake_connector/test_table/0/2_2_1678725065205.json.gz (com.snowflake.kafka.connector.internal.SnowflakeSinkServiceV1:79)
[2023-03-13 22:01:56,496] INFO [test_snowflake_connector|task-0] 
[SF_KAFKA_CONNECTOR] searched 1 files in ingest report, found 1 (com.snowflake.kafka.connector.internal.SnowflakeIngestionServiceV1:79)
[2023-03-13 22:01:58,285] INFO [test_snowflake_connector|task-0] 
[SF_KAFKA_CONNECTOR] purge 1 files from stage: SNOWFLAKE_KAFKA_CONNECTOR_test_snowflake_connector_STAGE_test_table (com.snowflake.kafka.connector.internal.SnowflakeConnectionServiceV1:79)
[2023-03-13 22:02:18,720] INFO [test_snowflake_connector|task-0] 
[SF_KAFKA_CONNECTOR] pipe SNOWFLAKE_KAFKA_CONNECTOR_test_snowflake_connector_PIPE_test_table_0, flush pipe: test_snowflake_connector/test_table/0/3_3_1678725137057.json.gz (com.snowflake.kafka.connector.internal.SnowflakeSinkServiceV1:79)
[2023-03-13 22:02:58,730] INFO [test_snowflake_connector|task-0] 
[SF_KAFKA_CONNECTOR] searched 1 files in ingest report, found 1 (com.snowflake.kafka.connector.internal.SnowflakeIngestionServiceV1:79)
[2023-03-13 22:02:59,573] INFO [test_snowflake_connector|task-0] 
[SF_KAFKA_CONNECTOR] purge 1 files from stage: SNOWFLAKE_KAFKA_CONNECTOR_test_snowflake_connector_STAGE_test_table (com.snowflake.kafka.connector.internal.SnowflakeConnectionServiceV1:79)
[2023-03-13 22:18:09,288] INFO Kafka Connect stopping (org.apache.kafka.connect.runtime.Connect:66)
[2023-03-13 22:18:09,303] INFO Stopping REST server (org.apache.kafka.connect.runtime.rest.RestServer:317)
[2023-03-13 22:18:09,331] INFO Stopped http_8083@47a3d56a{HTTP/1.1, (http/1.1)}{0.0.0.0:8083} (org.eclipse.jetty.server.AbstractConnector:383)
[2023-03-13 22:18:09,334] INFO node0 Stopped scavenging (org.eclipse.jetty.server.session:149)
[2023-03-13 22:18:09,345] INFO REST server stopped (org.apache.kafka.connect.runtime.rest.RestServer:334)
[2023-03-13 22:18:09,346] INFO Herder stopping (org.apache.kafka.connect.runtime.standalone.StandaloneHerder:106)
[2023-03-13 22:18:09,349] INFO [test_snowflake_connector|task-0] Stopping task test_snowflake_connector-0 (org.apache.kafka.connect.runtime.Worker:998)
[2023-03-13 22:18:09,350] INFO [test_snowflake_connector|task-1] Stopping task test_snowflake_connector-1 (org.apache.kafka.connect.runtime.Worker:998)
[2023-03-13 22:18:09,351] INFO [test_snowflake_connector|task-2] Stopping task test_snowflake_connector-2 (org.apache.kafka.connect.runtime.Worker:998)
[2023-03-13 22:18:09,351] INFO [test_snowflake_connector|task-3] Stopping task test_snowflake_connector-3 (org.apache.kafka.connect.runtime.Worker:998)
[2023-03-13 22:18:09,352] INFO [test_snowflake_connector|task-4] Stopping task test_snowflake_connector-4 (org.apache.kafka.connect.runtime.Worker:998)
[2023-03-13 22:18:09,353] INFO [test_snowflake_connector|task-5] Stopping task test_snowflake_connector-5 (org.apache.kafka.connect.runtime.Worker:998)
[2023-03-13 22:18:09,354] INFO [test_snowflake_connector|task-6] Stopping task test_snowflake_connector-6 (org.apache.kafka.connect.runtime.Worker:998)
[2023-03-13 22:18:09,354] INFO [test_snowflake_connector|task-7] Stopping task test_snowflake_connector-7 (org.apache.kafka.connect.runtime.Worker:998)
[2023-03-13 22:18:09,364] INFO [test_snowflake_connector|task-7] 
[SF_KAFKA_CONNECTOR] SnowflakeSinkTask[ID:7]:stop (com.snowflake.kafka.connector.SnowflakeSinkTask:158)
[2023-03-13 22:18:09,364] INFO [test_snowflake_connector|task-0] 
[SF_KAFKA_CONNECTOR] SnowflakeSinkTask[ID:0]:close (com.snowflake.kafka.connector.SnowflakeSinkTask:198)
[2023-03-13 22:18:09,364] INFO [test_snowflake_connector|task-1] 
[SF_KAFKA_CONNECTOR] SnowflakeSinkTask[ID:1]:stop (com.snowflake.kafka.connector.SnowflakeSinkTask:158)
[2023-03-13 22:18:09,364] INFO [test_snowflake_connector|task-5] 
[SF_KAFKA_CONNECTOR] SnowflakeSinkTask[ID:5]:stop (com.snowflake.kafka.connector.SnowflakeSinkTask:158)
[2023-03-13 22:18:09,364] INFO [test_snowflake_connector|task-4] 
[SF_KAFKA_CONNECTOR] SnowflakeSinkTask[ID:4]:stop (com.snowflake.kafka.connector.SnowflakeSinkTask:158)
[2023-03-13 22:18:09,364] INFO [test_snowflake_connector|task-3] 
[SF_KAFKA_CONNECTOR] SnowflakeSinkTask[ID:3]:stop (com.snowflake.kafka.connector.SnowflakeSinkTask:158)
[2023-03-13 22:18:09,364] INFO [test_snowflake_connector|task-6] 
[SF_KAFKA_CONNECTOR] SnowflakeSinkTask[ID:6]:stop (com.snowflake.kafka.connector.SnowflakeSinkTask:158)
[2023-03-13 22:18:09,364] INFO [test_snowflake_connector|task-2] 
[SF_KAFKA_CONNECTOR] SnowflakeSinkTask[ID:2]:stop (com.snowflake.kafka.connector.SnowflakeSinkTask:158)
[2023-03-13 22:18:09,366] INFO [test_snowflake_connector|task-0] 
[SF_KAFKA_CONNECTOR] pipe SNOWFLAKE_KAFKA_CONNECTOR_test_snowflake_connector_PIPE_test_table_0: cleaner terminated (com.snowflake.kafka.connector.internal.SnowflakeSinkServiceV1:79)
[2023-03-13 22:18:09,368] INFO [test_snowflake_connector|task-4] [Consumer clientId=connector-consumer-test_snowflake_connector-4, groupId=connect-test_snowflake_connector] Member connector-consumer-test_snowflake_connector-4-6728149f-c93f-4512-b926-c7fa2da129dd sending LeaveGroup request to coordinator 192.168.91.228:9092 (id: 2147483647 rack: null) due to the consumer is being closed (org.apache.kafka.clients.consumer.internals.ConsumerCoordinator:1123)
[2023-03-13 22:18:09,368] INFO [test_snowflake_connector|task-7] [Consumer clientId=connector-consumer-test_snowflake_connector-7, groupId=connect-test_snowflake_connector] Member connector-consumer-test_snowflake_connector-7-60090aea-b1c2-4785-acb1-bcd69ee08ae6 sending LeaveGroup request to coordinator 192.168.91.228:9092 (id: 2147483647 rack: null) due to the consumer is being closed (org.apache.kafka.clients.consumer.internals.ConsumerCoordinator:1123)
[2023-03-13 22:18:09,368] INFO [test_snowflake_connector|task-5] [Consumer clientId=connector-consumer-test_snowflake_connector-5, groupId=connect-test_snowflake_connector] Member connector-consumer-test_snowflake_connector-5-921ea32f-e1a9-4ff6-833e-5520fde8b282 sending LeaveGroup request to coordinator 192.168.91.228:9092 (id: 2147483647 rack: null) due to the consumer is being closed (org.apache.kafka.clients.consumer.internals.ConsumerCoordinator:1123)
[2023-03-13 22:18:09,368] INFO [test_snowflake_connector|task-6] [Consumer clientId=connector-consumer-test_snowflake_connector-6, groupId=connect-test_snowflake_connector] Member connector-consumer-test_snowflake_connector-6-b3f10cfe-02a2-46e5-aa1b-b2e30c9c9364 sending LeaveGroup request to coordinator 192.168.91.228:9092 (id: 2147483647 rack: null) due to the consumer is being closed (org.apache.kafka.clients.consumer.internals.ConsumerCoordinator:1123)
[2023-03-13 22:18:09,368] INFO [test_snowflake_connector|task-3] [Consumer clientId=connector-consumer-test_snowflake_connector-3, groupId=connect-test_snowflake_connector] Member connector-consumer-test_snowflake_connector-3-d81fe0b7-5164-4d6a-8f14-dfa10703e117 sending LeaveGroup request to coordinator 192.168.91.228:9092 (id: 2147483647 rack: null) due to the consumer is being closed (org.apache.kafka.clients.consumer.internals.ConsumerCoordinator:1123)
[2023-03-13 22:18:09,369] INFO [test_snowflake_connector|task-0] 
[SF_KAFKA_CONNECTOR] Cleaner terminated by an interrupt:
[SF_KAFKA_CONNECTOR] sleep interrupted (com.snowflake.kafka.connector.internal.SnowflakeSinkServiceV1:79)
[2023-03-13 22:18:09,370] INFO [test_snowflake_connector|task-2] [Consumer clientId=connector-consumer-test_snowflake_connector-2, groupId=connect-test_snowflake_connector] Member connector-consumer-test_snowflake_connector-2-4d5a0e6a-eebb-44f1-b144-14b3e0372965 sending LeaveGroup request to coordinator 192.168.91.228:9092 (id: 2147483647 rack: null) due to the consumer is being closed (org.apache.kafka.clients.consumer.internals.ConsumerCoordinator:1123)
[2023-03-13 22:18:09,370] INFO [test_snowflake_connector|task-1] [Consumer clientId=connector-consumer-test_snowflake_connector-1, groupId=connect-test_snowflake_connector] Member connector-consumer-test_snowflake_connector-1-99a6cac4-7d52-4542-91eb-0e333b302896 sending LeaveGroup request to coordinator 192.168.91.228:9092 (id: 2147483647 rack: null) due to the consumer is being closed (org.apache.kafka.clients.consumer.internals.ConsumerCoordinator:1123)
[2023-03-13 22:18:09,371] INFO [test_snowflake_connector|task-0] 
[SF_KAFKA_CONNECTOR] IngestService Closed (com.snowflake.kafka.connector.internal.SnowflakeIngestionServiceV1:38)
[2023-03-13 22:18:09,372] INFO [test_snowflake_connector|task-5] [Consumer clientId=connector-consumer-test_snowflake_connector-5, groupId=connect-test_snowflake_connector] Resetting generation and member id due to: consumer pro-actively leaving the group (org.apache.kafka.clients.consumer.internals.ConsumerCoordinator:1015)
[2023-03-13 22:18:09,372] INFO [test_snowflake_connector|task-5] [Consumer clientId=connector-consumer-test_snowflake_connector-5, groupId=connect-test_snowflake_connector] Request joining group due to: consumer pro-actively leaving the group (org.apache.kafka.clients.consumer.internals.ConsumerCoordinator:1062)
[2023-03-13 22:18:09,372] INFO [test_snowflake_connector|task-3] [Consumer clientId=connector-consumer-test_snowflake_connector-3, groupId=connect-test_snowflake_connector] Resetting generation and member id due to: consumer pro-actively leaving the group (org.apache.kafka.clients.consumer.internals.ConsumerCoordinator:1015)
[2023-03-13 22:18:09,372] INFO [test_snowflake_connector|task-3] [Consumer clientId=connector-consumer-test_snowflake_connector-3, groupId=connect-test_snowflake_connector] Request joining group due to: consumer pro-actively leaving the group (org.apache.kafka.clients.consumer.internals.ConsumerCoordinator:1062)
[2023-03-13 22:18:09,372] INFO [test_snowflake_connector|task-6] [Consumer clientId=connector-consumer-test_snowflake_connector-6, groupId=connect-test_snowflake_connector] Resetting generation and member id due to: consumer pro-actively leaving the group (org.apache.kafka.clients.consumer.internals.ConsumerCoordinator:1015)
[2023-03-13 22:18:09,372] INFO [test_snowflake_connector|task-6] [Consumer clientId=connector-consumer-test_snowflake_connector-6, groupId=connect-test_snowflake_connector] Request joining group due to: consumer pro-actively leaving the group (org.apache.kafka.clients.consumer.internals.ConsumerCoordinator:1062)
[2023-03-13 22:18:09,372] INFO [test_snowflake_connector|task-4] [Consumer clientId=connector-consumer-test_snowflake_connector-4, groupId=connect-test_snowflake_connector] Resetting generation and member id due to: consumer pro-actively leaving the group (org.apache.kafka.clients.consumer.internals.ConsumerCoordinator:1015)
[2023-03-13 22:18:09,372] INFO [test_snowflake_connector|task-4] [Consumer clientId=connector-consumer-test_snowflake_connector-4, groupId=connect-test_snowflake_connector] Request joining group due to: consumer pro-actively leaving the group (org.apache.kafka.clients.consumer.internals.ConsumerCoordinator:1062)
[2023-03-13 22:18:09,372] INFO [test_snowflake_connector|task-7] [Consumer clientId=connector-consumer-test_snowflake_connector-7, groupId=connect-test_snowflake_connector] Resetting generation and member id due to: consumer pro-actively leaving the group (org.apache.kafka.clients.consumer.internals.ConsumerCoordinator:1015)
[2023-03-13 22:18:09,373] INFO [test_snowflake_connector|task-7] [Consumer clientId=connector-consumer-test_snowflake_connector-7, groupId=connect-test_snowflake_connector] Request joining group due to: consumer pro-actively leaving the group (org.apache.kafka.clients.consumer.internals.ConsumerCoordinator:1062)
[2023-03-13 22:18:09,373] INFO [test_snowflake_connector|task-1] [Consumer clientId=connector-consumer-test_snowflake_connector-1, groupId=connect-test_snowflake_connector] Resetting generation and member id due to: consumer pro-actively leaving the group (org.apache.kafka.clients.consumer.internals.ConsumerCoordinator:1015)
[2023-03-13 22:18:09,373] INFO [test_snowflake_connector|task-1] [Consumer clientId=connector-consumer-test_snowflake_connector-1, groupId=connect-test_snowflake_connector] Request joining group due to: consumer pro-actively leaving the group (org.apache.kafka.clients.consumer.internals.ConsumerCoordinator:1062)
[2023-03-13 22:18:09,373] INFO [test_snowflake_connector|task-2] [Consumer clientId=connector-consumer-test_snowflake_connector-2, groupId=connect-test_snowflake_connector] Resetting generation and member id due to: consumer pro-actively leaving the group (org.apache.kafka.clients.consumer.internals.ConsumerCoordinator:1015)
[2023-03-13 22:18:09,374] INFO [test_snowflake_connector|task-2] [Consumer clientId=connector-consumer-test_snowflake_connector-2, groupId=connect-test_snowflake_connector] Request joining group due to: consumer pro-actively leaving the group (org.apache.kafka.clients.consumer.internals.ConsumerCoordinator:1062)
[2023-03-13 22:18:09,377] INFO [test_snowflake_connector|task-0] 
[SF_KAFKA_CONNECTOR] pipe SNOWFLAKE_KAFKA_CONNECTOR_test_snowflake_connector_PIPE_test_table_0: service closed (com.snowflake.kafka.connector.internal.SnowflakeSinkServiceV1:79)
[2023-03-13 22:18:09,385] INFO [test_snowflake_connector|task-0] 
[SF_KAFKA_CONNECTOR] SnowflakeSinkTask[ID:0]:close. Time: 0 seconds (com.snowflake.kafka.connector.SnowflakeSinkTask:204)
[2023-03-13 22:18:09,389] INFO [test_snowflake_connector|task-0] 
[SF_KAFKA_CONNECTOR] SnowflakeSinkTask[ID:0]:stop (com.snowflake.kafka.connector.SnowflakeSinkTask:158)
[2023-03-13 22:18:09,396] INFO [test_snowflake_connector|task-0] [Consumer clientId=connector-consumer-test_snowflake_connector-0, groupId=connect-test_snowflake_connector] Revoke previously assigned partitions snowflake_test_topic-0 (org.apache.kafka.clients.consumer.internals.ConsumerCoordinator:336)
[2023-03-13 22:18:09,400] INFO [test_snowflake_connector|task-0] [Consumer clientId=connector-consumer-test_snowflake_connector-0, groupId=connect-test_snowflake_connector] Member connector-consumer-test_snowflake_connector-0-063ce2ce-5143-4aaa-a1e5-ba9b36f9a993 sending LeaveGroup request to coordinator 192.168.91.228:9092 (id: 2147483647 rack: null) due to the consumer is being closed (org.apache.kafka.clients.consumer.internals.ConsumerCoordinator:1123)
[2023-03-13 22:18:09,401] INFO [test_snowflake_connector|task-3] Metrics scheduler closed (org.apache.kafka.common.metrics.Metrics:693)
[2023-03-13 22:18:09,401] INFO [test_snowflake_connector|task-4] Metrics scheduler closed (org.apache.kafka.common.metrics.Metrics:693)
[2023-03-13 22:18:09,403] INFO [test_snowflake_connector|task-3] Closing reporter org.apache.kafka.common.metrics.JmxReporter (org.apache.kafka.common.metrics.Metrics:697)
[2023-03-13 22:18:09,404] INFO [test_snowflake_connector|task-6] Metrics scheduler closed (org.apache.kafka.common.metrics.Metrics:693)
[2023-03-13 22:18:09,404] INFO [test_snowflake_connector|task-6] Closing reporter org.apache.kafka.common.metrics.JmxReporter (org.apache.kafka.common.metrics.Metrics:697)
[2023-03-13 22:18:09,404] INFO [test_snowflake_connector|task-4] Closing reporter org.apache.kafka.common.metrics.JmxReporter (org.apache.kafka.common.metrics.Metrics:697)
[2023-03-13 22:18:09,404] INFO [test_snowflake_connector|task-3] Metrics reporters closed (org.apache.kafka.common.metrics.Metrics:703)
[2023-03-13 22:18:09,404] INFO [test_snowflake_connector|task-6] Metrics reporters closed (org.apache.kafka.common.metrics.Metrics:703)
[2023-03-13 22:18:09,404] INFO [test_snowflake_connector|task-4] Metrics reporters closed (org.apache.kafka.common.metrics.Metrics:703)
[2023-03-13 22:18:09,405] INFO [test_snowflake_connector|task-5] Metrics scheduler closed (org.apache.kafka.common.metrics.Metrics:693)
[2023-03-13 22:18:09,406] INFO [test_snowflake_connector|task-5] Closing reporter org.apache.kafka.common.metrics.JmxReporter (org.apache.kafka.common.metrics.Metrics:697)
[2023-03-13 22:18:09,406] INFO [test_snowflake_connector|task-5] Metrics reporters closed (org.apache.kafka.common.metrics.Metrics:703)
[2023-03-13 22:18:09,409] INFO [test_snowflake_connector|task-0] [Consumer clientId=connector-consumer-test_snowflake_connector-0, groupId=connect-test_snowflake_connector] Resetting generation and member id due to: consumer pro-actively leaving the group (org.apache.kafka.clients.consumer.internals.ConsumerCoordinator:1015)
[2023-03-13 22:18:09,410] INFO [test_snowflake_connector|task-0] [Consumer clientId=connector-consumer-test_snowflake_connector-0, groupId=connect-test_snowflake_connector] Request joining group due to: consumer pro-actively leaving the group (org.apache.kafka.clients.consumer.internals.ConsumerCoordinator:1062)
[2023-03-13 22:18:09,415] INFO [test_snowflake_connector|task-7] Metrics scheduler closed (org.apache.kafka.common.metrics.Metrics:693)
[2023-03-13 22:18:09,415] INFO [test_snowflake_connector|task-7] Closing reporter org.apache.kafka.common.metrics.JmxReporter (org.apache.kafka.common.metrics.Metrics:697)
[2023-03-13 22:18:09,415] INFO [test_snowflake_connector|task-7] Metrics reporters closed (org.apache.kafka.common.metrics.Metrics:703)
[2023-03-13 22:18:09,423] INFO [test_snowflake_connector|task-4] App info kafka.consumer for connector-consumer-test_snowflake_connector-4 unregistered (org.apache.kafka.common.utils.AppInfoParser:83)
[2023-03-13 22:18:09,428] INFO [test_snowflake_connector|task-5] App info kafka.consumer for connector-consumer-test_snowflake_connector-5 unregistered (org.apache.kafka.common.utils.AppInfoParser:83)
[2023-03-13 22:18:09,429] INFO [test_snowflake_connector|task-6] App info kafka.consumer for connector-consumer-test_snowflake_connector-6 unregistered (org.apache.kafka.common.utils.AppInfoParser:83)
[2023-03-13 22:18:09,430] INFO [test_snowflake_connector|task-1] Metrics scheduler closed (org.apache.kafka.common.metrics.Metrics:693)
[2023-03-13 22:18:09,431] INFO [test_snowflake_connector|task-3] App info kafka.consumer for connector-consumer-test_snowflake_connector-3 unregistered (org.apache.kafka.common.utils.AppInfoParser:83)
[2023-03-13 22:18:09,431] INFO [test_snowflake_connector|task-2] Metrics scheduler closed (org.apache.kafka.common.metrics.Metrics:693)
[2023-03-13 22:18:09,431] INFO [test_snowflake_connector|task-7] App info kafka.consumer for connector-consumer-test_snowflake_connector-7 unregistered (org.apache.kafka.common.utils.AppInfoParser:83)
[2023-03-13 22:18:09,431] INFO [test_snowflake_connector|task-1] Closing reporter org.apache.kafka.common.metrics.JmxReporter (org.apache.kafka.common.metrics.Metrics:697)
[2023-03-13 22:18:09,431] INFO [test_snowflake_connector|task-2] Closing reporter org.apache.kafka.common.metrics.JmxReporter (org.apache.kafka.common.metrics.Metrics:697)
[2023-03-13 22:18:09,432] INFO [test_snowflake_connector|task-1] Metrics reporters closed (org.apache.kafka.common.metrics.Metrics:703)
[2023-03-13 22:18:09,432] INFO [test_snowflake_connector|task-2] Metrics reporters closed (org.apache.kafka.common.metrics.Metrics:703)
[2023-03-13 22:18:09,436] INFO [test_snowflake_connector|task-2] App info kafka.consumer for connector-consumer-test_snowflake_connector-2 unregistered (org.apache.kafka.common.utils.AppInfoParser:83)
[2023-03-13 22:18:09,436] INFO [test_snowflake_connector|task-1] App info kafka.consumer for connector-consumer-test_snowflake_connector-1 unregistered (org.apache.kafka.common.utils.AppInfoParser:83)
[2023-03-13 22:18:09,468] INFO [test_snowflake_connector|task-0] Metrics scheduler closed (org.apache.kafka.common.metrics.Metrics:693)
[2023-03-13 22:18:09,469] INFO [test_snowflake_connector|task-0] Closing reporter org.apache.kafka.common.metrics.JmxReporter (org.apache.kafka.common.metrics.Metrics:697)
[2023-03-13 22:18:09,470] INFO [test_snowflake_connector|task-0] Metrics reporters closed (org.apache.kafka.common.metrics.Metrics:703)
[2023-03-13 22:18:09,480] INFO [test_snowflake_connector|task-0] App info kafka.consumer for connector-consumer-test_snowflake_connector-0 unregistered (org.apache.kafka.common.utils.AppInfoParser:83)
[2023-03-13 22:18:09,505] INFO [test_snowflake_connector|worker] Stopping connector test_snowflake_connector (org.apache.kafka.connect.runtime.Worker:404)
[2023-03-13 22:18:09,506] INFO [test_snowflake_connector|worker] Scheduled shutdown for WorkerConnector{id=test_snowflake_connector} (org.apache.kafka.connect.runtime.WorkerConnector:254)
[2023-03-13 22:18:09,506] INFO [test_snowflake_connector|worker] 
[SF_KAFKA_CONNECTOR] SnowflakeSinkConnector:stop (com.snowflake.kafka.connector.SnowflakeSinkConnector:141)
[2023-03-13 22:18:09,507] INFO [test_snowflake_connector|worker] Completed shutdown for WorkerConnector{id=test_snowflake_connector} (org.apache.kafka.connect.runtime.WorkerConnector:274)
[2023-03-13 22:18:09,510] INFO Worker stopping (org.apache.kafka.connect.runtime.Worker:219)
[2023-03-13 22:18:09,516] INFO Stopped FileOffsetBackingStore (org.apache.kafka.connect.storage.FileOffsetBackingStore:66)
[2023-03-13 22:18:09,517] INFO Metrics scheduler closed (org.apache.kafka.common.metrics.Metrics:693)
[2023-03-13 22:18:09,517] INFO Closing reporter org.apache.kafka.common.metrics.JmxReporter (org.apache.kafka.common.metrics.Metrics:697)
[2023-03-13 22:18:09,518] INFO Metrics reporters closed (org.apache.kafka.common.metrics.Metrics:703)
[2023-03-13 22:18:09,519] INFO App info kafka.connect for 192.168.91.228:8083 unregistered (org.apache.kafka.common.utils.AppInfoParser:83)
[2023-03-13 22:18:09,519] INFO Worker stopped (org.apache.kafka.connect.runtime.Worker:240)
[2023-03-13 22:18:09,524] INFO Herder stopped (org.apache.kafka.connect.runtime.standalone.StandaloneHerder:124)
[2023-03-13 22:18:09,524] INFO Kafka Connect stopped (org.apache.kafka.connect.runtime.Connect:71)
