[2023-03-13 22:18:09,226] INFO [GroupCoordinator 0]: Preparing to rebalance group console-consumer-42909 in state PreparingRebalance with old generation 1 (__consumer_offsets-15) (reason: Removing member console-consumer-f4f31e4b-a403-4e40-a6ad-55b9f3edf2cd on LeaveGroup; client reason: the consumer is being closed) (kafka.coordinator.group.GroupCoordinator)
[2023-03-13 22:18:09,229] INFO [GroupCoordinator 0]: Group console-consumer-42909 with generation 2 is now empty (__consumer_offsets-15) (kafka.coordinator.group.GroupCoordinator)
[2023-03-13 22:18:09,236] INFO [GroupCoordinator 0]: Member MemberMetadata(memberId=console-consumer-f4f31e4b-a403-4e40-a6ad-55b9f3edf2cd, groupInstanceId=None, clientId=console-consumer, clientHost=/192.168.91.228, sessionTimeoutMs=45000, rebalanceTimeoutMs=300000, supportedProtocols=List(range, cooperative-sticky)) has left group console-consumer-42909 through explicit `LeaveGroup`; client reason: the consumer is being closed (kafka.coordinator.group.GroupCoordinator)
[2023-03-13 22:18:09,373] INFO [GroupCoordinator 0]: Preparing to rebalance group connect-test_snowflake_connector in state PreparingRebalance with old generation 2 (__consumer_offsets-32) (reason: Removing member connector-consumer-test_snowflake_connector-6-b3f10cfe-02a2-46e5-aa1b-b2e30c9c9364 on LeaveGroup; client reason: the consumer is being closed) (kafka.coordinator.group.GroupCoordinator)
[2023-03-13 22:18:09,381] INFO [GroupCoordinator 0]: Member MemberMetadata(memberId=connector-consumer-test_snowflake_connector-6-b3f10cfe-02a2-46e5-aa1b-b2e30c9c9364, groupInstanceId=None, clientId=connector-consumer-test_snowflake_connector-6, clientHost=/192.168.91.228, sessionTimeoutMs=45000, rebalanceTimeoutMs=300000, supportedProtocols=List(range, cooperative-sticky)) has left group connect-test_snowflake_connector through explicit `LeaveGroup`; client reason: the consumer is being closed (kafka.coordinator.group.GroupCoordinator)
[2023-03-13 22:18:09,387] INFO [GroupCoordinator 0]: Member MemberMetadata(memberId=connector-consumer-test_snowflake_connector-4-6728149f-c93f-4512-b926-c7fa2da129dd, groupInstanceId=None, clientId=connector-consumer-test_snowflake_connector-4, clientHost=/192.168.91.228, sessionTimeoutMs=45000, rebalanceTimeoutMs=300000, supportedProtocols=List(range, cooperative-sticky)) has left group connect-test_snowflake_connector through explicit `LeaveGroup`; client reason: the consumer is being closed (kafka.coordinator.group.GroupCoordinator)
[2023-03-13 22:18:09,390] INFO [GroupCoordinator 0]: Member MemberMetadata(memberId=connector-consumer-test_snowflake_connector-3-d81fe0b7-5164-4d6a-8f14-dfa10703e117, groupInstanceId=None, clientId=connector-consumer-test_snowflake_connector-3, clientHost=/192.168.91.228, sessionTimeoutMs=45000, rebalanceTimeoutMs=300000, supportedProtocols=List(range, cooperative-sticky)) has left group connect-test_snowflake_connector through explicit `LeaveGroup`; client reason: the consumer is being closed (kafka.coordinator.group.GroupCoordinator)
[2023-03-13 22:18:09,395] INFO [GroupCoordinator 0]: Member MemberMetadata(memberId=connector-consumer-test_snowflake_connector-5-921ea32f-e1a9-4ff6-833e-5520fde8b282, groupInstanceId=None, clientId=connector-consumer-test_snowflake_connector-5, clientHost=/192.168.91.228, sessionTimeoutMs=45000, rebalanceTimeoutMs=300000, supportedProtocols=List(range, cooperative-sticky)) has left group connect-test_snowflake_connector through explicit `LeaveGroup`; client reason: the consumer is being closed (kafka.coordinator.group.GroupCoordinator)
[2023-03-13 22:18:09,397] INFO Terminating process due to signal SIGHUP (org.apache.kafka.common.utils.LoggingSignalHandler)
[2023-03-13 22:18:09,401] INFO [GroupCoordinator 0]: Member MemberMetadata(memberId=connector-consumer-test_snowflake_connector-7-60090aea-b1c2-4785-acb1-bcd69ee08ae6, groupInstanceId=None, clientId=connector-consumer-test_snowflake_connector-7, clientHost=/192.168.91.228, sessionTimeoutMs=45000, rebalanceTimeoutMs=300000, supportedProtocols=List(range, cooperative-sticky)) has left group connect-test_snowflake_connector through explicit `LeaveGroup`; client reason: the consumer is being closed (kafka.coordinator.group.GroupCoordinator)
[2023-03-13 22:18:09,416] INFO [GroupCoordinator 0]: Member MemberMetadata(memberId=connector-consumer-test_snowflake_connector-1-99a6cac4-7d52-4542-91eb-0e333b302896, groupInstanceId=None, clientId=connector-consumer-test_snowflake_connector-1, clientHost=/192.168.91.228, sessionTimeoutMs=45000, rebalanceTimeoutMs=300000, supportedProtocols=List(range, cooperative-sticky)) has left group connect-test_snowflake_connector through explicit `LeaveGroup`; client reason: the consumer is being closed (kafka.coordinator.group.GroupCoordinator)
[2023-03-13 22:18:09,417] INFO [GroupCoordinator 0]: Member MemberMetadata(memberId=connector-consumer-test_snowflake_connector-2-4d5a0e6a-eebb-44f1-b144-14b3e0372965, groupInstanceId=None, clientId=connector-consumer-test_snowflake_connector-2, clientHost=/192.168.91.228, sessionTimeoutMs=45000, rebalanceTimeoutMs=300000, supportedProtocols=List(range, cooperative-sticky)) has left group connect-test_snowflake_connector through explicit `LeaveGroup`; client reason: the consumer is being closed (kafka.coordinator.group.GroupCoordinator)
[2023-03-13 22:18:09,436] INFO [GroupCoordinator 0]: Group connect-test_snowflake_connector with generation 3 is now empty (__consumer_offsets-32) (kafka.coordinator.group.GroupCoordinator)
[2023-03-13 22:18:09,446] INFO [KafkaServer id=0] shutting down (kafka.server.KafkaServer)
[2023-03-13 22:18:09,463] INFO [GroupCoordinator 0]: Member MemberMetadata(memberId=connector-consumer-test_snowflake_connector-0-063ce2ce-5143-4aaa-a1e5-ba9b36f9a993, groupInstanceId=None, clientId=connector-consumer-test_snowflake_connector-0, clientHost=/192.168.91.228, sessionTimeoutMs=45000, rebalanceTimeoutMs=300000, supportedProtocols=List(range, cooperative-sticky)) has left group connect-test_snowflake_connector through explicit `LeaveGroup`; client reason: the consumer is being closed (kafka.coordinator.group.GroupCoordinator)
[2023-03-13 22:18:09,465] INFO [KafkaServer id=0] Starting controlled shutdown (kafka.server.KafkaServer)
[2023-03-13 22:18:09,493] WARN Session 0x1000006efb60002 for sever localhost/0:0:0:0:0:0:0:1:2181, Closing socket connection. Attempting reconnect except it is a SessionExpiredException. (org.apache.zookeeper.ClientCnxn)
EndOfStreamException: Unable to read additional data from server sessionid 0x1000006efb60002, likely server has closed socket
	at org.apache.zookeeper.ClientCnxnSocketNIO.doIO(ClientCnxnSocketNIO.java:77)
	at org.apache.zookeeper.ClientCnxnSocketNIO.doTransport(ClientCnxnSocketNIO.java:350)
	at org.apache.zookeeper.ClientCnxn$SendThread.run(ClientCnxn.java:1290)
[2023-03-13 22:18:09,579] INFO [KafkaServer id=0] Controlled shutdown request returned successfully after 66ms (kafka.server.KafkaServer)
[2023-03-13 22:18:09,594] INFO [/config/changes-event-process-thread]: Shutting down (kafka.common.ZkNodeChangeNotificationListener$ChangeEventProcessThread)
[2023-03-13 22:18:09,595] INFO [/config/changes-event-process-thread]: Stopped (kafka.common.ZkNodeChangeNotificationListener$ChangeEventProcessThread)
[2023-03-13 22:18:09,595] INFO [/config/changes-event-process-thread]: Shutdown completed (kafka.common.ZkNodeChangeNotificationListener$ChangeEventProcessThread)
[2023-03-13 22:18:09,596] INFO [SocketServer listenerType=ZK_BROKER, nodeId=0] Stopping socket server request processors (kafka.network.SocketServer)
[2023-03-13 22:18:09,623] INFO [SocketServer listenerType=ZK_BROKER, nodeId=0] Stopped socket server request processors (kafka.network.SocketServer)
[2023-03-13 22:18:09,627] INFO [data-plane Kafka Request Handler on Broker 0], shutting down (kafka.server.KafkaRequestHandlerPool)
[2023-03-13 22:18:09,631] INFO [data-plane Kafka Request Handler on Broker 0], shut down completely (kafka.server.KafkaRequestHandlerPool)
[2023-03-13 22:18:09,640] INFO [ExpirationReaper-0-AlterAcls]: Shutting down (kafka.server.DelayedOperationPurgatory$ExpiredOperationReaper)
[2023-03-13 22:18:09,644] INFO [ExpirationReaper-0-AlterAcls]: Stopped (kafka.server.DelayedOperationPurgatory$ExpiredOperationReaper)
[2023-03-13 22:18:09,645] INFO [ExpirationReaper-0-AlterAcls]: Shutdown completed (kafka.server.DelayedOperationPurgatory$ExpiredOperationReaper)
[2023-03-13 22:18:09,649] INFO [KafkaApi-0] Shutdown complete. (kafka.server.KafkaApis)
[2023-03-13 22:18:09,650] INFO [ExpirationReaper-0-topic]: Shutting down (kafka.server.DelayedOperationPurgatory$ExpiredOperationReaper)
[2023-03-13 22:18:09,653] INFO [ExpirationReaper-0-topic]: Stopped (kafka.server.DelayedOperationPurgatory$ExpiredOperationReaper)
[2023-03-13 22:18:09,653] INFO [ExpirationReaper-0-topic]: Shutdown completed (kafka.server.DelayedOperationPurgatory$ExpiredOperationReaper)
[2023-03-13 22:18:09,656] INFO [TransactionCoordinator id=0] Shutting down. (kafka.coordinator.transaction.TransactionCoordinator)
[2023-03-13 22:18:09,658] INFO [Transaction State Manager 0]: Shutdown complete (kafka.coordinator.transaction.TransactionStateManager)
[2023-03-13 22:18:09,658] INFO [Transaction Marker Channel Manager 0]: Shutting down (kafka.coordinator.transaction.TransactionMarkerChannelManager)
[2023-03-13 22:18:09,660] INFO [Transaction Marker Channel Manager 0]: Stopped (kafka.coordinator.transaction.TransactionMarkerChannelManager)
[2023-03-13 22:18:09,660] INFO [Transaction Marker Channel Manager 0]: Shutdown completed (kafka.coordinator.transaction.TransactionMarkerChannelManager)
[2023-03-13 22:18:09,662] INFO [TransactionCoordinator id=0] Shutdown complete. (kafka.coordinator.transaction.TransactionCoordinator)
[2023-03-13 22:18:09,663] INFO [GroupCoordinator 0]: Shutting down. (kafka.coordinator.group.GroupCoordinator)
[2023-03-13 22:18:09,668] INFO [ExpirationReaper-0-Heartbeat]: Shutting down (kafka.server.DelayedOperationPurgatory$ExpiredOperationReaper)
[2023-03-13 22:18:09,671] INFO [ExpirationReaper-0-Heartbeat]: Stopped (kafka.server.DelayedOperationPurgatory$ExpiredOperationReaper)
[2023-03-13 22:18:09,671] INFO [ExpirationReaper-0-Heartbeat]: Shutdown completed (kafka.server.DelayedOperationPurgatory$ExpiredOperationReaper)
[2023-03-13 22:18:09,672] INFO [ExpirationReaper-0-Rebalance]: Shutting down (kafka.server.DelayedOperationPurgatory$ExpiredOperationReaper)
[2023-03-13 22:18:09,675] INFO [ExpirationReaper-0-Rebalance]: Shutdown completed (kafka.server.DelayedOperationPurgatory$ExpiredOperationReaper)
[2023-03-13 22:18:09,677] INFO [ExpirationReaper-0-Rebalance]: Stopped (kafka.server.DelayedOperationPurgatory$ExpiredOperationReaper)
[2023-03-13 22:18:09,679] INFO [GroupCoordinator 0]: Shutdown complete. (kafka.coordinator.group.GroupCoordinator)
[2023-03-13 22:18:09,680] INFO [ReplicaManager broker=0] Shutting down (kafka.server.ReplicaManager)
[2023-03-13 22:18:09,681] INFO [LogDirFailureHandler]: Shutting down (kafka.server.ReplicaManager$LogDirFailureHandler)
[2023-03-13 22:18:09,681] INFO [LogDirFailureHandler]: Stopped (kafka.server.ReplicaManager$LogDirFailureHandler)
[2023-03-13 22:18:09,681] INFO [LogDirFailureHandler]: Shutdown completed (kafka.server.ReplicaManager$LogDirFailureHandler)
[2023-03-13 22:18:09,682] INFO [ReplicaFetcherManager on broker 0] shutting down (kafka.server.ReplicaFetcherManager)
[2023-03-13 22:18:09,683] INFO [ReplicaFetcherManager on broker 0] shutdown completed (kafka.server.ReplicaFetcherManager)
[2023-03-13 22:18:09,684] INFO [ReplicaAlterLogDirsManager on broker 0] shutting down (kafka.server.ReplicaAlterLogDirsManager)
[2023-03-13 22:18:09,684] INFO [ReplicaAlterLogDirsManager on broker 0] shutdown completed (kafka.server.ReplicaAlterLogDirsManager)
[2023-03-13 22:18:09,684] INFO [ExpirationReaper-0-Fetch]: Shutting down (kafka.server.DelayedOperationPurgatory$ExpiredOperationReaper)
[2023-03-13 22:18:09,687] INFO [ExpirationReaper-0-Fetch]: Stopped (kafka.server.DelayedOperationPurgatory$ExpiredOperationReaper)
[2023-03-13 22:18:09,687] INFO [ExpirationReaper-0-Fetch]: Shutdown completed (kafka.server.DelayedOperationPurgatory$ExpiredOperationReaper)
[2023-03-13 22:18:09,688] INFO [ExpirationReaper-0-Produce]: Shutting down (kafka.server.DelayedOperationPurgatory$ExpiredOperationReaper)
[2023-03-13 22:18:09,690] INFO [ExpirationReaper-0-Produce]: Stopped (kafka.server.DelayedOperationPurgatory$ExpiredOperationReaper)
[2023-03-13 22:18:09,690] INFO [ExpirationReaper-0-Produce]: Shutdown completed (kafka.server.DelayedOperationPurgatory$ExpiredOperationReaper)
[2023-03-13 22:18:09,691] INFO [ExpirationReaper-0-DeleteRecords]: Shutting down (kafka.server.DelayedOperationPurgatory$ExpiredOperationReaper)
[2023-03-13 22:18:09,692] INFO [ExpirationReaper-0-DeleteRecords]: Stopped (kafka.server.DelayedOperationPurgatory$ExpiredOperationReaper)
[2023-03-13 22:18:09,692] INFO [ExpirationReaper-0-DeleteRecords]: Shutdown completed (kafka.server.DelayedOperationPurgatory$ExpiredOperationReaper)
[2023-03-13 22:18:09,694] INFO [ExpirationReaper-0-ElectLeader]: Shutting down (kafka.server.DelayedOperationPurgatory$ExpiredOperationReaper)
[2023-03-13 22:18:09,696] INFO [ExpirationReaper-0-ElectLeader]: Stopped (kafka.server.DelayedOperationPurgatory$ExpiredOperationReaper)
[2023-03-13 22:18:09,696] INFO [ExpirationReaper-0-ElectLeader]: Shutdown completed (kafka.server.DelayedOperationPurgatory$ExpiredOperationReaper)
[2023-03-13 22:18:09,761] INFO [ReplicaManager broker=0] Shut down completely (kafka.server.ReplicaManager)
[2023-03-13 22:18:09,761] INFO [BrokerToControllerChannelManager broker=0 name=alterPartition]: Shutting down (kafka.server.BrokerToControllerRequestThread)
[2023-03-13 22:18:09,763] INFO [BrokerToControllerChannelManager broker=0 name=alterPartition]: Stopped (kafka.server.BrokerToControllerRequestThread)
[2023-03-13 22:18:09,763] INFO [BrokerToControllerChannelManager broker=0 name=alterPartition]: Shutdown completed (kafka.server.BrokerToControllerRequestThread)
[2023-03-13 22:18:09,770] INFO Broker to controller channel manager for alterPartition shutdown (kafka.server.BrokerToControllerChannelManagerImpl)
[2023-03-13 22:18:09,770] INFO [BrokerToControllerChannelManager broker=0 name=forwarding]: Shutting down (kafka.server.BrokerToControllerRequestThread)
[2023-03-13 22:18:09,771] INFO [BrokerToControllerChannelManager broker=0 name=forwarding]: Stopped (kafka.server.BrokerToControllerRequestThread)
[2023-03-13 22:18:09,771] INFO [BrokerToControllerChannelManager broker=0 name=forwarding]: Shutdown completed (kafka.server.BrokerToControllerRequestThread)
[2023-03-13 22:18:09,773] INFO Broker to controller channel manager for forwarding shutdown (kafka.server.BrokerToControllerChannelManagerImpl)
[2023-03-13 22:18:09,774] INFO Shutting down. (kafka.log.LogManager)
[2023-03-13 22:18:09,924] INFO [ProducerStateManager partition=__consumer_offsets-32] Wrote producer snapshot at offset 7 with 0 producer ids in 5 ms. (kafka.log.ProducerStateManager)
[2023-03-13 22:18:09,945] INFO [ProducerStateManager partition=snowflake_test_topic-0] Wrote producer snapshot at offset 4 with 0 producer ids in 1 ms. (kafka.log.ProducerStateManager)
[2023-03-13 22:18:09,956] INFO [ProducerStateManager partition=__consumer_offsets-5] Wrote producer snapshot at offset 3 with 0 producer ids in 1 ms. (kafka.log.ProducerStateManager)
[2023-03-13 22:18:09,961] INFO [ProducerStateManager partition=__consumer_offsets-15] Wrote producer snapshot at offset 2 with 0 producer ids in 0 ms. (kafka.log.ProducerStateManager)
[2023-03-13 22:18:09,983] INFO Shutdown complete. (kafka.log.LogManager)
[2023-03-13 22:18:10,007] INFO [feature-zk-node-event-process-thread]: Shutting down (kafka.server.FinalizedFeatureChangeListener$ChangeNotificationProcessorThread)
[2023-03-13 22:18:10,007] INFO [feature-zk-node-event-process-thread]: Stopped (kafka.server.FinalizedFeatureChangeListener$ChangeNotificationProcessorThread)
[2023-03-13 22:18:10,007] INFO [feature-zk-node-event-process-thread]: Shutdown completed (kafka.server.FinalizedFeatureChangeListener$ChangeNotificationProcessorThread)
[2023-03-13 22:18:10,008] INFO [ZooKeeperClient Kafka server] Closing. (kafka.zookeeper.ZooKeeperClient)
[2023-03-13 22:18:10,863] INFO Opening socket connection to server localhost/127.0.0.1:2181. (org.apache.zookeeper.ClientCnxn)
[2023-03-13 22:18:10,870] WARN An exception was thrown while closing send thread for session 0x1000006efb60002. (org.apache.zookeeper.ClientCnxn)
java.net.ConnectException: Connection refused
	at sun.nio.ch.SocketChannelImpl.checkConnect(Native Method)
	at sun.nio.ch.SocketChannelImpl.finishConnect(SocketChannelImpl.java:716)
	at org.apache.zookeeper.ClientCnxnSocketNIO.doTransport(ClientCnxnSocketNIO.java:344)
	at org.apache.zookeeper.ClientCnxn$SendThread.run(ClientCnxn.java:1290)
[2023-03-13 22:18:10,987] INFO Session: 0x1000006efb60002 closed (org.apache.zookeeper.ZooKeeper)
[2023-03-13 22:18:10,988] INFO EventThread shut down for session: 0x1000006efb60002 (org.apache.zookeeper.ClientCnxn)
[2023-03-13 22:18:10,995] INFO [ZooKeeperClient Kafka server] Closed. (kafka.zookeeper.ZooKeeperClient)
[2023-03-13 22:18:10,997] INFO [ThrottledChannelReaper-Fetch]: Shutting down (kafka.server.ClientQuotaManager$ThrottledChannelReaper)
[2023-03-13 22:18:11,005] INFO [ThrottledChannelReaper-Fetch]: Stopped (kafka.server.ClientQuotaManager$ThrottledChannelReaper)
[2023-03-13 22:18:11,005] INFO [ThrottledChannelReaper-Fetch]: Shutdown completed (kafka.server.ClientQuotaManager$ThrottledChannelReaper)
[2023-03-13 22:18:11,005] INFO [ThrottledChannelReaper-Produce]: Shutting down (kafka.server.ClientQuotaManager$ThrottledChannelReaper)
[2023-03-13 22:18:11,006] INFO [ThrottledChannelReaper-Produce]: Stopped (kafka.server.ClientQuotaManager$ThrottledChannelReaper)
[2023-03-13 22:18:11,006] INFO [ThrottledChannelReaper-Produce]: Shutdown completed (kafka.server.ClientQuotaManager$ThrottledChannelReaper)
[2023-03-13 22:18:11,006] INFO [ThrottledChannelReaper-Request]: Shutting down (kafka.server.ClientQuotaManager$ThrottledChannelReaper)
[2023-03-13 22:18:11,007] INFO [ThrottledChannelReaper-Request]: Stopped (kafka.server.ClientQuotaManager$ThrottledChannelReaper)
[2023-03-13 22:18:11,007] INFO [ThrottledChannelReaper-Request]: Shutdown completed (kafka.server.ClientQuotaManager$ThrottledChannelReaper)
[2023-03-13 22:18:11,007] INFO [ThrottledChannelReaper-ControllerMutation]: Shutting down (kafka.server.ClientQuotaManager$ThrottledChannelReaper)
[2023-03-13 22:18:11,008] INFO [ThrottledChannelReaper-ControllerMutation]: Stopped (kafka.server.ClientQuotaManager$ThrottledChannelReaper)
[2023-03-13 22:18:11,008] INFO [ThrottledChannelReaper-ControllerMutation]: Shutdown completed (kafka.server.ClientQuotaManager$ThrottledChannelReaper)
[2023-03-13 22:18:11,009] INFO [SocketServer listenerType=ZK_BROKER, nodeId=0] Shutting down socket server (kafka.network.SocketServer)
[2023-03-13 22:18:11,056] INFO [SocketServer listenerType=ZK_BROKER, nodeId=0] Shutdown completed (kafka.network.SocketServer)
[2023-03-13 22:18:11,058] INFO Metrics scheduler closed (org.apache.kafka.common.metrics.Metrics)
[2023-03-13 22:18:11,058] INFO Closing reporter org.apache.kafka.common.metrics.JmxReporter (org.apache.kafka.common.metrics.Metrics)
[2023-03-13 22:18:11,058] INFO Metrics reporters closed (org.apache.kafka.common.metrics.Metrics)
[2023-03-13 22:18:11,060] INFO Broker and topic stats closed (kafka.server.BrokerTopicStats)
[2023-03-13 22:18:11,063] INFO App info kafka.server for 0 unregistered (org.apache.kafka.common.utils.AppInfoParser)
[2023-03-13 22:18:11,063] INFO [KafkaServer id=0] shut down completed (kafka.server.KafkaServer)
